<?xml version="1.0" encoding="UTF-8"?>
<!-- Generated by org.testng.reporters.JUnitXMLReporter -->
<testsuite hostname="dell" ignored="0" name="Default test" tests="4" failures="0" timestamp="12 may 2018 21:15:20 GMT" time="108.036" errors="0">
  <testcase name="portafolio_tab" time="7.963" classname="tests.Open_WebPAge_Test"/>
  <testcase name="empleos_tab" time="17.695" classname="tests.Open_WebPAge_Test"/>
  <testcase name="blog_tab" time="5.171" classname="tests.Open_WebPAge_Test"/>
  <testcase name="conocenos_tab" time="49.525" classname="tests.Open_WebPAge_Test"/>
</testsuite> <!-- Default test -->
